# JRE version: OpenJDK Runtime Environment Temurin-17.0.4.1+1 (17.0.4.1+1) (build 17.0.4.1+1)
# Java VM: OpenJDK 64-Bit Server VM Temurin-17.0.4.1+1 (17.0.4.1+1, mixed mode, tiered, compressed oops, compressed class ptrs, parallel gc, windows-amd64)
GC Precious Log:
 CPUs: 6 total, 6 available
 Memory: 7564M
 Large Page Support: Disabled
 NUMA Support: Disabled
 Compressed Oops: Enabled (32-bit)
 Alignments: Space 512K, Generation 512K, Heap 2M
 Heap Min Capacity: 100M
 Heap Initial Capacity: 100M
 Heap Max Capacity: 1G
 Pre-touch: Disabled
 Parallel Workers: 6
Heap:
 PSYoungGen      total 20480K, used 1722K [0x00000000eab00000, 0x00000000ec280000, 0x0000000100000000)
  eden space 19968K, 6% used [0x00000000eab00000,0x00000000eac36510,0x00000000ebe80000)
  from space 512K, 93% used [0x00000000ec100000,0x00000000ec1783b8,0x00000000ec180000)
  to   space 1024K, 0% used [0x00000000ec180000,0x00000000ec180000,0x00000000ec280000)
 ParOldGen       total 68608K, used 49041K [0x00000000c0000000, 0x00000000c4300000, 0x00000000eab00000)
  object space 68608K, 71% used [0x00000000c0000000,0x00000000c2fe4490,0x00000000c4300000)
 Metaspace       used 64567K, committed 65600K, reserved 1105920K
  class space    used 7864K, committed 8320K, reserved 1048576K
GC Heap History (20 events):
Event: 84.338 GC heap before
{Heap before GC invocations=47 (full 3):
 PSYoungGen      total 20480K, used 20128K [0x00000000eab00000, 0x00000000ec200000, 0x0000000100000000)
  eden space 19968K, 100% used [0x00000000eab00000,0x00000000ebe80000,0x00000000ebe80000)
  from space 512K, 31% used [0x00000000ec100000,0x00000000ec128000,0x00000000ec180000)
  to   space 512K, 0% used [0x00000000ec180000,0x00000000ec180000,0x00000000ec200000)
 ParOldGen       total 68608K, used 47763K [0x00000000c0000000, 0x00000000c4300000, 0x00000000eab00000)
  object space 68608K, 69% used [0x00000000c0000000,0x00000000c2ea4ff8,0x00000000c4300000)
 Metaspace       used 64051K, committed 65024K, reserved 1105920K
  class space    used 7802K, committed 8256K, reserved 1048576K
}
Event: 84.339 GC heap after
{Heap after GC invocations=47 (full 3):
 PSYoungGen      total 20480K, used 160K [0x00000000eab00000, 0x00000000ec200000, 0x0000000100000000)
  eden space 19968K, 0% used [0x00000000eab00000,0x00000000eab00000,0x00000000ebe80000)
  from space 512K, 31% used [0x00000000ec180000,0x00000000ec1a8000,0x00000000ec200000)
  to   space 512K, 0% used [0x00000000ec100000,0x00000000ec100000,0x00000000ec180000)
 ParOldGen       total 68608K, used 47795K [0x00000000c0000000, 0x00000000c4300000, 0x00000000eab00000)
  object space 68608K, 69% used [0x00000000c0000000,0x00000000c2eacff8,0x00000000c4300000)
 Metaspace       used 64051K, committed 65024K, reserved 1105920K
  class space    used 7802K, committed 8256K, reserved 1048576K
}
Event: 84.657 GC heap before
{Heap before GC invocations=48 (full 3):
 PSYoungGen      total 20480K, used 20127K [0x00000000eab00000, 0x00000000ec200000, 0x0000000100000000)
  eden space 19968K, 99% used [0x00000000eab00000,0x00000000ebe7fff8,0x00000000ebe80000)
  from space 512K, 31% used [0x00000000ec180000,0x00000000ec1a8000,0x00000000ec200000)
  to   space 512K, 0% used [0x00000000ec100000,0x00000000ec100000,0x00000000ec180000)
 ParOldGen       total 68608K, used 47795K [0x00000000c0000000, 0x00000000c4300000, 0x00000000eab00000)
  object space 68608K, 69% used [0x00000000c0000000,0x00000000c2eacff8,0x00000000c4300000)
 Metaspace       used 64071K, committed 65024K, reserved 1105920K
  class space    used 7804K, committed 8256K, reserved 1048576K
}
Event: 84.658 GC heap after
{Heap after GC invocations=48 (full 3):
 PSYoungGen      total 20480K, used 128K [0x00000000eab00000, 0x00000000ec200000, 0x0000000100000000)
  eden space 19968K, 0% used [0x00000000eab00000,0x00000000eab00000,0x00000000ebe80000)
  from space 512K, 25% used [0x00000000ec100000,0x00000000ec120000,0x00000000ec180000)
  to   space 512K, 0% used [0x00000000ec180000,0x00000000ec180000,0x00000000ec200000)
 ParOldGen       total 68608K, used 47803K [0x00000000c0000000, 0x00000000c4300000, 0x00000000eab00000)
  object space 68608K, 69% used [0x00000000c0000000,0x00000000c2eaeff8,0x00000000c4300000)
 Metaspace       used 64071K, committed 65024K, reserved 1105920K
  class space    used 7804K, committed 8256K, reserved 1048576K
}
Event: 86.304 GC heap before
{Heap before GC invocations=49 (full 3):
 PSYoungGen      total 20480K, used 20096K [0x00000000eab00000, 0x00000000ec200000, 0x0000000100000000)
  eden space 19968K, 100% used [0x00000000eab00000,0x00000000ebe80000,0x00000000ebe80000)
  from space 512K, 25% used [0x00000000ec100000,0x00000000ec120000,0x00000000ec180000)
  to   space 512K, 0% used [0x00000000ec180000,0x00000000ec180000,0x00000000ec200000)
 ParOldGen       total 68608K, used 47803K [0x00000000c0000000, 0x00000000c4300000, 0x00000000eab00000)
  object space 68608K, 69% used [0x00000000c0000000,0x00000000c2eaeff8,0x00000000c4300000)
 Metaspace       used 64073K, committed 65024K, reserved 1105920K
  class space    used 7804K, committed 8256K, reserved 1048576K
}
Event: 86.304 GC heap after
{Heap after GC invocations=49 (full 3):
 PSYoungGen      total 20480K, used 128K [0x00000000eab00000, 0x00000000ec200000, 0x0000000100000000)
  eden space 19968K, 0% used [0x00000000eab00000,0x00000000eab00000,0x00000000ebe80000)
  from space 512K, 25% used [0x00000000ec180000,0x00000000ec1a0000,0x00000000ec200000)
  to   space 512K, 0% used [0x00000000ec100000,0x00000000ec100000,0x00000000ec180000)
 ParOldGen       total 68608K, used 47835K [0x00000000c0000000, 0x00000000c4300000, 0x00000000eab00000)
  object space 68608K, 69% used [0x00000000c0000000,0x00000000c2eb6ff8,0x00000000c4300000)
 Metaspace       used 64073K, committed 65024K, reserved 1105920K
  class space    used 7804K, committed 8256K, reserved 1048576K
}
Event: 86.636 GC heap before
{Heap before GC invocations=50 (full 3):
 PSYoungGen      total 20480K, used 20096K [0x00000000eab00000, 0x00000000ec200000, 0x0000000100000000)
  eden space 19968K, 100% used [0x00000000eab00000,0x00000000ebe80000,0x00000000ebe80000)
  from space 512K, 25% used [0x00000000ec180000,0x00000000ec1a0000,0x00000000ec200000)
  to   space 512K, 0% used [0x00000000ec100000,0x00000000ec100000,0x00000000ec180000)
 ParOldGen       total 68608K, used 47835K [0x00000000c0000000, 0x00000000c4300000, 0x00000000eab00000)
  object space 68608K, 69% used [0x00000000c0000000,0x00000000c2eb6ff8,0x00000000c4300000)
 Metaspace       used 64078K, committed 65024K, reserved 1105920K
  class space    used 7805K, committed 8256K, reserved 1048576K
}
Event: 86.637 GC heap after
{Heap after GC invocations=50 (full 3):
 PSYoungGen      total 20480K, used 128K [0x00000000eab00000, 0x00000000ec200000, 0x0000000100000000)
  eden space 19968K, 0% used [0x00000000eab00000,0x00000000eab00000,0x00000000ebe80000)
  from space 512K, 25% used [0x00000000ec100000,0x00000000ec120000,0x00000000ec180000)
  to   space 512K, 0% used [0x00000000ec180000,0x00000000ec180000,0x00000000ec200000)
 ParOldGen       total 68608K, used 47843K [0x00000000c0000000, 0x00000000c4300000, 0x00000000eab00000)
  object space 68608K, 69% used [0x00000000c0000000,0x00000000c2eb8ff8,0x00000000c4300000)
 Metaspace       used 64078K, committed 65024K, reserved 1105920K
  class space    used 7805K, committed 8256K, reserved 1048576K
}
Event: 87.009 GC heap before
{Heap before GC invocations=51 (full 3):
 PSYoungGen      total 20480K, used 20096K [0x00000000eab00000, 0x00000000ec200000, 0x0000000100000000)
  eden space 19968K, 100% used [0x00000000eab00000,0x00000000ebe80000,0x00000000ebe80000)
  from space 512K, 25% used [0x00000000ec100000,0x00000000ec120000,0x00000000ec180000)
  to   space 512K, 0% used [0x00000000ec180000,0x00000000ec180000,0x00000000ec200000)
 ParOldGen       total 68608K, used 47843K [0x00000000c0000000, 0x00000000c4300000, 0x00000000eab00000)
  object space 68608K, 69% used [0x00000000c0000000,0x00000000c2eb8ff8,0x00000000c4300000)
 Metaspace       used 64079K, committed 65024K, reserved 1105920K
  class space    used 7805K, committed 8256K, reserved 1048576K
}
Event: 87.009 GC heap after
{Heap after GC invocations=51 (full 3):
 PSYoungGen      total 20480K, used 128K [0x00000000eab00000, 0x00000000ec200000, 0x0000000100000000)
  eden space 19968K, 0% used [0x00000000eab00000,0x00000000eab00000,0x00000000ebe80000)
  from space 512K, 25% used [0x00000000ec180000,0x00000000ec1a0000,0x00000000ec200000)
  to   space 512K, 0% used [0x00000000ec100000,0x00000000ec100000,0x00000000ec180000)
 ParOldGen       total 68608K, used 47867K [0x00000000c0000000, 0x00000000c4300000, 0x00000000eab00000)
  object space 68608K, 69% used [0x00000000c0000000,0x00000000c2ebeff8,0x00000000c4300000)
 Metaspace       used 64079K, committed 65024K, reserved 1105920K
  class space    used 7805K, committed 8256K, reserved 1048576K
}
Event: 87.663 GC heap before
{Heap before GC invocations=52 (full 3):
 PSYoungGen      total 20480K, used 20096K [0x00000000eab00000, 0x00000000ec200000, 0x0000000100000000)
  eden space 19968K, 100% used [0x00000000eab00000,0x00000000ebe80000,0x00000000ebe80000)
  from space 512K, 25% used [0x00000000ec180000,0x00000000ec1a0000,0x00000000ec200000)
  to   space 512K, 0% used [0x00000000ec100000,0x00000000ec100000,0x00000000ec180000)
 ParOldGen       total 68608K, used 47867K [0x00000000c0000000, 0x00000000c4300000, 0x00000000eab00000)
  object space 68608K, 69% used [0x00000000c0000000,0x00000000c2ebeff8,0x00000000c4300000)
 Metaspace       used 64082K, committed 65024K, reserved 1105920K
  class space    used 7805K, committed 8256K, reserved 1048576K
}
Event: 87.664 GC heap after
{Heap after GC invocations=52 (full 3):
 PSYoungGen      total 20480K, used 128K [0x00000000eab00000, 0x00000000ec200000, 0x0000000100000000)
  eden space 19968K, 0% used [0x00000000eab00000,0x00000000eab00000,0x00000000ebe80000)
  from space 512K, 25% used [0x00000000ec100000,0x00000000ec120000,0x00000000ec180000)
  to   space 512K, 0% used [0x00000000ec180000,0x00000000ec180000,0x00000000ec200000)
 ParOldGen       total 68608K, used 47875K [0x00000000c0000000, 0x00000000c4300000, 0x00000000eab00000)
  object space 68608K, 69% used [0x00000000c0000000,0x00000000c2ec0ff8,0x00000000c4300000)
 Metaspace       used 64082K, committed 65024K, reserved 1105920K
  class space    used 7805K, committed 8256K, reserved 1048576K
}
Event: 88.007 GC heap before
{Heap before GC invocations=53 (full 3):
 PSYoungGen      total 20480K, used 20096K [0x00000000eab00000, 0x00000000ec200000, 0x0000000100000000)
  eden space 19968K, 100% used [0x00000000eab00000,0x00000000ebe80000,0x00000000ebe80000)
  from space 512K, 25% used [0x00000000ec100000,0x00000000ec120000,0x00000000ec180000)
  to   space 512K, 0% used [0x00000000ec180000,0x00000000ec180000,0x00000000ec200000)
 ParOldGen       total 68608K, used 47875K [0x00000000c0000000, 0x00000000c4300000, 0x00000000eab00000)
  object space 68608K, 69% used [0x00000000c0000000,0x00000000c2ec0ff8,0x00000000c4300000)
 Metaspace       used 64087K, committed 65024K, reserved 1105920K
  class space    used 7805K, committed 8256K, reserved 1048576K
}
Event: 88.008 GC heap after
{Heap after GC invocations=53 (full 3):
 PSYoungGen      total 20480K, used 128K [0x00000000eab00000, 0x00000000ec200000, 0x0000000100000000)
  eden space 19968K, 0% used [0x00000000eab00000,0x00000000eab00000,0x00000000ebe80000)
  from space 512K, 25% used [0x00000000ec180000,0x00000000ec1a0000,0x00000000ec200000)
  to   space 512K, 0% used [0x00000000ec100000,0x00000000ec100000,0x00000000ec180000)
 ParOldGen       total 68608K, used 47883K [0x00000000c0000000, 0x00000000c4300000, 0x00000000eab00000)
  object space 68608K, 69% used [0x00000000c0000000,0x00000000c2ec2ff8,0x00000000c4300000)
 Metaspace       used 64087K, committed 65024K, reserved 1105920K
  class space    used 7805K, committed 8256K, reserved 1048576K
}
Event: 88.074 GC heap before
{Heap before GC invocations=54 (full 3):
 PSYoungGen      total 20480K, used 20096K [0x00000000eab00000, 0x00000000ec200000, 0x0000000100000000)
  eden space 19968K, 100% used [0x00000000eab00000,0x00000000ebe80000,0x00000000ebe80000)
  from space 512K, 25% used [0x00000000ec180000,0x00000000ec1a0000,0x00000000ec200000)
  to   space 512K, 0% used [0x00000000ec100000,0x00000000ec100000,0x00000000ec180000)
 ParOldGen       total 68608K, used 47883K [0x00000000c0000000, 0x00000000c4300000, 0x00000000eab00000)
  object space 68608K, 69% used [0x00000000c0000000,0x00000000c2ec2ff8,0x00000000c4300000)
 Metaspace       used 64087K, committed 65024K, reserved 1105920K
  class space    used 7805K, committed 8256K, reserved 1048576K
}
Event: 88.075 GC heap after
{Heap after GC invocations=54 (full 3):
 PSYoungGen      total 20480K, used 128K [0x00000000eab00000, 0x00000000ec200000, 0x0000000100000000)
  eden space 19968K, 0% used [0x00000000eab00000,0x00000000eab00000,0x00000000ebe80000)
  from space 512K, 25% used [0x00000000ec100000,0x00000000ec120000,0x00000000ec180000)
  to   space 512K, 0% used [0x00000000ec180000,0x00000000ec180000,0x00000000ec200000)
 ParOldGen       total 68608K, used 47899K [0x00000000c0000000, 0x00000000c4300000, 0x00000000eab00000)
  object space 68608K, 69% used [0x00000000c0000000,0x00000000c2ec6ff8,0x00000000c4300000)
 Metaspace       used 64087K, committed 65024K, reserved 1105920K
  class space    used 7805K, committed 8256K, reserved 1048576K
}
Event: 88.308 GC heap before
{Heap before GC invocations=55 (full 3):
 PSYoungGen      total 20480K, used 20096K [0x00000000eab00000, 0x00000000ec200000, 0x0000000100000000)
  eden space 19968K, 100% used [0x00000000eab00000,0x00000000ebe80000,0x00000000ebe80000)
  from space 512K, 25% used [0x00000000ec100000,0x00000000ec120000,0x00000000ec180000)
  to   space 512K, 0% used [0x00000000ec180000,0x00000000ec180000,0x00000000ec200000)
 ParOldGen       total 68608K, used 47899K [0x00000000c0000000, 0x00000000c4300000, 0x00000000eab00000)
  object space 68608K, 69% used [0x00000000c0000000,0x00000000c2ec6ff8,0x00000000c4300000)
 Metaspace       used 64099K, committed 65088K, reserved 1105920K
  class space    used 7805K, committed 8256K, reserved 1048576K
}
Event: 88.309 GC heap after
{Heap after GC invocations=55 (full 3):
 PSYoungGen      total 20480K, used 160K [0x00000000eab00000, 0x00000000ec200000, 0x0000000100000000)
  eden space 19968K, 0% used [0x00000000eab00000,0x00000000eab00000,0x00000000ebe80000)
  from space 512K, 31% used [0x00000000ec180000,0x00000000ec1a8000,0x00000000ec200000)
  to   space 512K, 0% used [0x00000000ec100000,0x00000000ec100000,0x00000000ec180000)
 ParOldGen       total 68608K, used 47899K [0x00000000c0000000, 0x00000000c4300000, 0x00000000eab00000)
  object space 68608K, 69% used [0x00000000c0000000,0x00000000c2ec6ff8,0x00000000c4300000)
 Metaspace       used 64099K, committed 65088K, reserved 1105920K
  class space    used 7805K, committed 8256K, reserved 1048576K
}
Event: 89.118 GC heap before
{Heap before GC invocations=56 (full 3):
 PSYoungGen      total 20480K, used 20094K [0x00000000eab00000, 0x00000000ec200000, 0x0000000100000000)
  eden space 19968K, 99% used [0x00000000eab00000,0x00000000ebe77a70,0x00000000ebe80000)
  from space 512K, 31% used [0x00000000ec180000,0x00000000ec1a8000,0x00000000ec200000)
  to   space 512K, 0% used [0x00000000ec100000,0x00000000ec100000,0x00000000ec180000)
 ParOldGen       total 68608K, used 47899K [0x00000000c0000000, 0x00000000c4300000, 0x00000000eab00000)
  object space 68608K, 69% used [0x00000000c0000000,0x00000000c2ec6ff8,0x00000000c4300000)
 Metaspace       used 64529K, committed 65472K, reserved 1105920K
  class space    used 7856K, committed 8320K, reserved 1048576K
}
Event: 89.120 GC heap after
{Heap after GC invocations=56 (full 3):
 PSYoungGen      total 20480K, used 480K [0x00000000eab00000, 0x00000000ec280000, 0x0000000100000000)
  eden space 19968K, 0% used [0x00000000eab00000,0x00000000eab00000,0x00000000ebe80000)
  from space 512K, 93% used [0x00000000ec100000,0x00000000ec1783b8,0x00000000ec180000)
  to   space 1024K, 0% used [0x00000000ec180000,0x00000000ec180000,0x00000000ec280000)
 ParOldGen       total 68608K, used 49041K [0x00000000c0000000, 0x00000000c4300000, 0x00000000eab00000)
  object space 68608K, 71% used [0x00000000c0000000,0x00000000c2fe4490,0x00000000c4300000)
 Metaspace       used 64529K, committed 65472K, reserved 1105920K
  class space    used 7856K, committed 8320K, reserved 1048576K
}

