# JRE version: OpenJDK Runtime Environment AdoptOpenJDK-11.0.11+9 (11.0.11+9) (build 11.0.11+9)
# Java VM: OpenJDK 64-Bit Server VM AdoptOpenJDK-11.0.11+9 (11.0.11+9, mixed mode, tiered, compressed oops, g1 gc, windows-amd64)
Heap:
 garbage-first heap   total 270336K, used 143339K [0x0000000080000000, 0x0000000100000000)
  region size 1024K, 6 young (6144K), 6 survivors (6144K)
 Metaspace       used 87190K, capacity 92420K, committed 92664K, reserved 1128448K
  class space    used 11130K, capacity 13092K, committed 13132K, reserved 1048576K
GC Heap History (20 events):
Event: 32.425 GC heap after
{Heap after GC invocations=41 (full 0):
 garbage-first heap   total 147456K, used 96410K [0x0000000080000000, 0x0000000100000000)
  region size 1024K, 3 young (3072K), 3 survivors (3072K)
 Metaspace       used 77143K, capacity 81046K, committed 81144K, reserved 1118208K
  class space    used 10079K, capacity 11555K, committed 11596K, reserved 1048576K
}
Event: 32.462 GC heap before
{Heap before GC invocations=41 (full 0):
 garbage-first heap   total 147456K, used 99482K [0x0000000080000000, 0x0000000100000000)
  region size 1024K, 8 young (8192K), 3 survivors (3072K)
 Metaspace       used 77171K, capacity 81057K, committed 81144K, reserved 1118208K
  class space    used 10081K, capacity 11557K, committed 11596K, reserved 1048576K
}
Event: 32.467 GC heap after
{Heap after GC invocations=42 (full 0):
 garbage-first heap   total 177152K, used 97007K [0x0000000080000000, 0x0000000100000000)
  region size 1024K, 1 young (1024K), 1 survivors (1024K)
 Metaspace       used 77171K, capacity 81057K, committed 81144K, reserved 1118208K
  class space    used 10081K, capacity 11557K, committed 11596K, reserved 1048576K
}
Event: 32.879 GC heap before
{Heap before GC invocations=43 (full 0):
 garbage-first heap   total 177152K, used 133871K [0x0000000080000000, 0x0000000100000000)
  region size 1024K, 34 young (34816K), 1 survivors (1024K)
 Metaspace       used 78903K, capacity 82960K, committed 83192K, reserved 1120256K
  class space    used 10287K, capacity 11828K, committed 11852K, reserved 1048576K
}
Event: 32.885 GC heap after
{Heap after GC invocations=44 (full 0):
 garbage-first heap   total 177152K, used 104161K [0x0000000080000000, 0x0000000100000000)
  region size 1024K, 4 young (4096K), 4 survivors (4096K)
 Metaspace       used 78903K, capacity 82960K, committed 83192K, reserved 1120256K
  class space    used 10287K, capacity 11828K, committed 11852K, reserved 1048576K
}
Event: 33.183 GC heap before
{Heap before GC invocations=44 (full 0):
 garbage-first heap   total 177152K, used 135905K [0x0000000080000000, 0x0000000100000000)
  region size 1024K, 36 young (36864K), 4 survivors (4096K)
 Metaspace       used 79755K, capacity 83917K, committed 84216K, reserved 1122304K
  class space    used 10400K, capacity 12015K, committed 12108K, reserved 1048576K
}
Event: 33.188 GC heap after
{Heap after GC invocations=45 (full 0):
 garbage-first heap   total 177152K, used 107188K [0x0000000080000000, 0x0000000100000000)
  region size 1024K, 4 young (4096K), 4 survivors (4096K)
 Metaspace       used 79755K, capacity 83917K, committed 84216K, reserved 1122304K
  class space    used 10400K, capacity 12015K, committed 12108K, reserved 1048576K
}
Event: 33.455 GC heap before
{Heap before GC invocations=46 (full 0):
 garbage-first heap   total 177152K, used 138932K [0x0000000080000000, 0x0000000100000000)
  region size 1024K, 35 young (35840K), 4 survivors (4096K)
 Metaspace       used 80396K, capacity 84760K, committed 84856K, reserved 1122304K
  class space    used 10497K, capacity 12167K, committed 12236K, reserved 1048576K
}
Event: 33.461 GC heap after
{Heap after GC invocations=47 (full 0):
 garbage-first heap   total 177152K, used 110014K [0x0000000080000000, 0x0000000100000000)
  region size 1024K, 3 young (3072K), 3 survivors (3072K)
 Metaspace       used 80396K, capacity 84760K, committed 84856K, reserved 1122304K
  class space    used 10497K, capacity 12167K, committed 12236K, reserved 1048576K
}
Event: 33.689 GC heap before
{Heap before GC invocations=47 (full 0):
 garbage-first heap   total 177152K, used 141758K [0x0000000080000000, 0x0000000100000000)
  region size 1024K, 34 young (34816K), 3 survivors (3072K)
 Metaspace       used 81014K, capacity 85728K, committed 85880K, reserved 1122304K
  class space    used 10588K, capacity 12405K, committed 12492K, reserved 1048576K
}
Event: 33.701 GC heap after
{Heap after GC invocations=48 (full 0):
 garbage-first heap   total 212992K, used 113610K [0x0000000080000000, 0x0000000100000000)
  region size 1024K, 5 young (5120K), 5 survivors (5120K)
 Metaspace       used 81014K, capacity 85728K, committed 85880K, reserved 1122304K
  class space    used 10588K, capacity 12405K, committed 12492K, reserved 1048576K
}
Event: 34.061 GC heap before
{Heap before GC invocations=49 (full 0):
 garbage-first heap   total 212992K, used 159690K [0x0000000080000000, 0x0000000100000000)
  region size 1024K, 51 young (52224K), 5 survivors (5120K)
 Metaspace       used 81832K, capacity 86739K, committed 86776K, reserved 1124352K
  class space    used 10689K, capacity 12588K, committed 12620K, reserved 1048576K
}
Event: 34.071 GC heap after
{Heap after GC invocations=50 (full 0):
 garbage-first heap   total 212992K, used 118980K [0x0000000080000000, 0x0000000100000000)
  region size 1024K, 7 young (7168K), 7 survivors (7168K)
 Metaspace       used 81832K, capacity 86739K, committed 86776K, reserved 1124352K
  class space    used 10689K, capacity 12588K, committed 12620K, reserved 1048576K
}
Event: 35.220 GC heap before
{Heap before GC invocations=50 (full 0):
 garbage-first heap   total 212992K, used 164036K [0x0000000080000000, 0x0000000100000000)
  region size 1024K, 52 young (53248K), 7 survivors (7168K)
 Metaspace       used 86346K, capacity 91438K, committed 91640K, reserved 1128448K
  class space    used 11107K, capacity 13055K, committed 13132K, reserved 1048576K
}
Event: 35.229 GC heap after
{Heap after GC invocations=51 (full 0):
 garbage-first heap   total 212992K, used 122763K [0x0000000080000000, 0x0000000100000000)
  region size 1024K, 4 young (4096K), 4 survivors (4096K)
 Metaspace       used 86346K, capacity 91438K, committed 91640K, reserved 1128448K
  class space    used 11107K, capacity 13055K, committed 13132K, reserved 1048576K
}
Event: 50.085 GC heap before
{Heap before GC invocations=52 (full 0):
 garbage-first heap   total 212992K, used 167819K [0x0000000080000000, 0x0000000100000000)
  region size 1024K, 48 young (49152K), 4 survivors (4096K)
 Metaspace       used 86721K, capacity 91911K, committed 92152K, reserved 1128448K
  class space    used 11116K, capacity 13069K, committed 13132K, reserved 1048576K
}
Event: 50.098 GC heap after
{Heap after GC invocations=53 (full 0):
 garbage-first heap   total 212992K, used 127565K [0x0000000080000000, 0x0000000100000000)
  region size 1024K, 6 young (6144K), 6 survivors (6144K)
 Metaspace       used 86721K, capacity 91911K, committed 92152K, reserved 1128448K
  class space    used 11116K, capacity 13069K, committed 13132K, reserved 1048576K
}
Event: 51.929 GC heap before
{Heap before GC invocations=53 (full 0):
 garbage-first heap   total 212992K, used 171597K [0x0000000080000000, 0x0000000100000000)
  region size 1024K, 49 young (50176K), 6 survivors (6144K)
 Metaspace       used 87005K, capacity 92225K, committed 92408K, reserved 1128448K
  class space    used 11129K, capacity 13091K, committed 13132K, reserved 1048576K
}
Event: 51.965 GC heap after
{Heap after GC invocations=54 (full 0):
 garbage-first heap   total 212992K, used 135999K [0x0000000080000000, 0x0000000100000000)
  region size 1024K, 7 young (7168K), 7 survivors (7168K)
 Metaspace       used 87005K, capacity 92225K, committed 92408K, reserved 1128448K
  class space    used 11129K, capacity 13091K, committed 13132K, reserved 1048576K
}
Event: 52.467 GC heap before
{Heap before GC invocations=55 (full 0):
 garbage-first heap   total 212992K, used 173887K [0x0000000080000000, 0x0000000100000000)
  region size 1024K, 44 young (45056K), 7 survivors (7168K)
 Metaspace       used 87190K, capacity 92420K, committed 92664K, reserved 1128448K
  class space    used 11130K, capacity 13092K, committed 13132K, reserved 1048576K
}

