# JRE version: OpenJDK Runtime Environment AdoptOpenJDK-11.0.11+9 (11.0.11+9) (build 11.0.11+9)
# Java VM: OpenJDK 64-Bit Server VM AdoptOpenJDK-11.0.11+9 (11.0.11+9, mixed mode, tiered, compressed oops, g1 gc, windows-amd64)
Heap:
 garbage-first heap   total 122880K, used 80165K [0x0000000080000000, 0x0000000100000000)
  region size 1024K, 35 young (35840K), 5 survivors (5120K)
 Metaspace       used 64185K, capacity 66311K, committed 66504K, reserved 1107968K
  class space    used 8147K, capacity 8943K, committed 9036K, reserved 1048576K
GC Heap History (20 events):
Event: 4.242 GC heap before
{Heap before GC invocations=5 (full 0):
 garbage-first heap   total 122880K, used 64009K [0x0000000080000000, 0x0000000100000000)
  region size 1024K, 48 young (49152K), 1 survivors (1024K)
 Metaspace       used 25872K, capacity 26541K, committed 26672K, reserved 1073152K
  class space    used 3373K, capacity 3598K, committed 3712K, reserved 1048576K
}
Event: 4.245 GC heap after
{Heap after GC invocations=6 (full 0):
 garbage-first heap   total 122880K, used 19207K [0x0000000080000000, 0x0000000100000000)
  region size 1024K, 4 young (4096K), 4 survivors (4096K)
 Metaspace       used 25872K, capacity 26541K, committed 26672K, reserved 1073152K
  class space    used 3373K, capacity 3598K, committed 3712K, reserved 1048576K
}
Event: 5.020 GC heap before
{Heap before GC invocations=6 (full 0):
 garbage-first heap   total 122880K, used 68359K [0x0000000080000000, 0x0000000100000000)
  region size 1024K, 53 young (54272K), 4 survivors (4096K)
 Metaspace       used 31170K, capacity 32044K, committed 32304K, reserved 1077248K
  class space    used 4147K, capacity 4461K, committed 4480K, reserved 1048576K
}
Event: 5.024 GC heap after
{Heap after GC invocations=7 (full 0):
 garbage-first heap   total 122880K, used 21886K [0x0000000080000000, 0x0000000100000000)
  region size 1024K, 6 young (6144K), 6 survivors (6144K)
 Metaspace       used 31170K, capacity 32044K, committed 32304K, reserved 1077248K
  class space    used 4147K, capacity 4461K, committed 4480K, reserved 1048576K
}
Event: 5.324 GC heap before
{Heap before GC invocations=7 (full 0):
 garbage-first heap   total 122880K, used 36222K [0x0000000080000000, 0x0000000100000000)
  region size 1024K, 21 young (21504K), 6 survivors (6144K)
 Metaspace       used 34845K, capacity 35669K, committed 35708K, reserved 1081344K
  class space    used 4524K, capacity 4837K, committed 4864K, reserved 1048576K
}
Event: 5.332 GC heap after
{Heap after GC invocations=8 (full 0):
 garbage-first heap   total 122880K, used 23236K [0x0000000080000000, 0x0000000100000000)
  region size 1024K, 5 young (5120K), 5 survivors (5120K)
 Metaspace       used 34845K, capacity 35669K, committed 35708K, reserved 1081344K
  class space    used 4524K, capacity 4837K, committed 4864K, reserved 1048576K
}
Event: 17.791 GC heap before
{Heap before GC invocations=9 (full 0):
 garbage-first heap   total 122880K, used 73412K [0x0000000080000000, 0x0000000100000000)
  region size 1024K, 52 young (53248K), 5 survivors (5120K)
 Metaspace       used 40184K, capacity 41280K, committed 41544K, reserved 1085440K
  class space    used 5145K, capacity 5546K, committed 5580K, reserved 1048576K
}
Event: 17.803 GC heap after
{Heap after GC invocations=10 (full 0):
 garbage-first heap   total 122880K, used 28592K [0x0000000080000000, 0x0000000100000000)
  region size 1024K, 7 young (7168K), 7 survivors (7168K)
 Metaspace       used 40184K, capacity 41280K, committed 41544K, reserved 1085440K
  class space    used 5145K, capacity 5546K, committed 5580K, reserved 1048576K
}
Event: 18.605 GC heap before
{Heap before GC invocations=10 (full 0):
 garbage-first heap   total 122880K, used 76720K [0x0000000080000000, 0x0000000100000000)
  region size 1024K, 54 young (55296K), 7 survivors (7168K)
 Metaspace       used 44397K, capacity 45685K, committed 45896K, reserved 1089536K
  class space    used 5628K, capacity 6074K, committed 6092K, reserved 1048576K
}
Event: 18.615 GC heap after
{Heap after GC invocations=11 (full 0):
 garbage-first heap   total 122880K, used 32572K [0x0000000080000000, 0x0000000100000000)
  region size 1024K, 4 young (4096K), 4 survivors (4096K)
 Metaspace       used 44397K, capacity 45685K, committed 45896K, reserved 1089536K
  class space    used 5628K, capacity 6074K, committed 6092K, reserved 1048576K
}
Event: 19.580 GC heap before
{Heap before GC invocations=11 (full 0):
 garbage-first heap   total 122880K, used 81724K [0x0000000080000000, 0x0000000100000000)
  region size 1024K, 52 young (53248K), 4 survivors (4096K)
 Metaspace       used 47701K, capacity 49218K, committed 49352K, reserved 1091584K
  class space    used 6111K, capacity 6662K, committed 6732K, reserved 1048576K
}
Event: 19.585 GC heap after
{Heap after GC invocations=12 (full 0):
 garbage-first heap   total 122880K, used 34558K [0x0000000080000000, 0x0000000100000000)
  region size 1024K, 6 young (6144K), 6 survivors (6144K)
 Metaspace       used 47701K, capacity 49218K, committed 49352K, reserved 1091584K
  class space    used 6111K, capacity 6662K, committed 6732K, reserved 1048576K
}
Event: 30.367 GC heap before
{Heap before GC invocations=12 (full 0):
 garbage-first heap   total 122880K, used 86782K [0x0000000080000000, 0x0000000100000000)
  region size 1024K, 55 young (56320K), 6 survivors (6144K)
 Metaspace       used 49185K, capacity 50837K, committed 51144K, reserved 1093632K
  class space    used 6275K, capacity 6888K, committed 6988K, reserved 1048576K
}
Event: 30.376 GC heap after
{Heap after GC invocations=13 (full 0):
 garbage-first heap   total 122880K, used 43433K [0x0000000080000000, 0x0000000100000000)
  region size 1024K, 7 young (7168K), 7 survivors (7168K)
 Metaspace       used 49185K, capacity 50837K, committed 51144K, reserved 1093632K
  class space    used 6275K, capacity 6888K, committed 6988K, reserved 1048576K
}
Event: 31.155 GC heap before
{Heap before GC invocations=13 (full 0):
 garbage-first heap   total 122880K, used 89513K [0x0000000080000000, 0x0000000100000000)
  region size 1024K, 52 young (53248K), 7 survivors (7168K)
 Metaspace       used 56715K, capacity 58607K, committed 58696K, reserved 1099776K
  class space    used 7172K, capacity 7852K, committed 7884K, reserved 1048576K
}
Event: 31.165 GC heap after
{Heap after GC invocations=14 (full 0):
 garbage-first heap   total 122880K, used 45797K [0x0000000080000000, 0x0000000100000000)
  region size 1024K, 2 young (2048K), 2 survivors (2048K)
 Metaspace       used 56715K, capacity 58607K, committed 58696K, reserved 1099776K
  class space    used 7172K, capacity 7852K, committed 7884K, reserved 1048576K
}
Event: 31.393 GC heap before
{Heap before GC invocations=14 (full 0):
 garbage-first heap   total 122880K, used 70373K [0x0000000080000000, 0x0000000100000000)
  region size 1024K, 28 young (28672K), 2 survivors (2048K)
 Metaspace       used 57980K, capacity 59852K, committed 59976K, reserved 1101824K
  class space    used 7373K, capacity 8073K, committed 8140K, reserved 1048576K
}
Event: 31.397 GC heap after
{Heap after GC invocations=15 (full 0):
 garbage-first heap   total 122880K, used 48196K [0x0000000080000000, 0x0000000100000000)
  region size 1024K, 5 young (5120K), 5 survivors (5120K)
 Metaspace       used 57980K, capacity 59852K, committed 59976K, reserved 1101824K
  class space    used 7373K, capacity 8073K, committed 8140K, reserved 1048576K
}
Event: 31.997 GC heap before
{Heap before GC invocations=16 (full 0):
 garbage-first heap   total 122880K, used 86084K [0x0000000080000000, 0x0000000100000000)
  region size 1024K, 42 young (43008K), 5 survivors (5120K)
 Metaspace       used 63070K, capacity 65065K, committed 65224K, reserved 1105920K
  class space    used 7991K, capacity 8690K, committed 8780K, reserved 1048576K
}
Event: 32.003 GC heap after
{Heap after GC invocations=17 (full 0):
 garbage-first heap   total 122880K, used 50469K [0x0000000080000000, 0x0000000100000000)
  region size 1024K, 5 young (5120K), 5 survivors (5120K)
 Metaspace       used 63070K, capacity 65065K, committed 65224K, reserved 1105920K
  class space    used 7991K, capacity 8690K, committed 8780K, reserved 1048576K
}

